<?xml version="1.0" encoding="UTF-8"?>
<!-- Generated by org.testng.reporters.JUnitReportReporter -->
<testsuite hostname="DESKTOP-O4704RF" failures="0" tests="1" name="base.selenium.AppTest" time="9.974" errors="0" timestamp="18 Jan 2020 23:17:59 GMT">
  <testcase classname="base.selenium.AppTest" name="naukariLogIn" time="9.974"/>
</testsuite> <!-- base.selenium.AppTest -->
