<?xml version="1.0" encoding="UTF-8"?>
<!-- Generated by org.testng.reporters.JUnitReportReporter -->
<testsuite hostname="DESKTOP-O4704RF" failures="0" tests="1" name="base.selenium.AppTest" time="7.938" errors="0" timestamp="19 Jan 2020 11:01:16 GMT">
  <testcase classname="base.selenium.AppTest" name="naukariLogIn" time="7.938"/>
</testsuite> <!-- base.selenium.AppTest -->
