<?xml version="1.0" encoding="UTF-8"?>
<!-- Generated by org.testng.reporters.JUnitReportReporter -->
<testsuite hostname="DESKTOP-O4704RF" failures="0" tests="1" name="base.selenium.AppTest" time="5.873" errors="0" timestamp="15 Jan 2020 13:45:34 GMT">
  <testcase classname="base.selenium.AppTest" name="naukariLogIn" time="5.873"/>
</testsuite> <!-- base.selenium.AppTest -->
